<?xml version="1.0" encoding="UTF-8"?>
<!-- Generated by org.testng.reporters.JUnitReportReporter -->
<testsuite skipped="0" hostname="chetan-PC" name="com.test.getapitest.GetAPITest" tests="1" failures="0" timestamp="03 Nov 2018 05:54:03 GMT" time="4.703" errors="0">
  <testcase name="getAPITest" time="4.703" classname="com.test.getapitest.GetAPITest"/>
</testsuite> <!-- com.test.getapitest.GetAPITest -->
