<?xml version="1.0" encoding="UTF-8"?>
<!-- Generated by org.testng.reporters.JUnitReportReporter -->
<testsuite skipped="0" hostname="chetan-PC" name="com.test.getapitest.GetAPITest" tests="1" failures="0" timestamp="03 Nov 2018 22:46:00 GMT" time="2.123" errors="0">
  <testcase name="getAPITest" time="2.123" classname="com.test.getapitest.GetAPITest"/>
</testsuite> <!-- com.test.getapitest.GetAPITest -->
